<?xml version="1.0" encoding="UTF-8"?>
<!-- Generated by org.testng.reporters.JUnitReportReporter -->
<testsuite hostname="DESKTOP-JGO97D8" failures="0" tests="3" name="Airlines.CreateAirlineTests" time="5.785" errors="0" timestamp="2023-03-10T15:34:23 IST" skipped="2">
  <testcase classname="Airlines.CreateAirlineTests" name="createAirlinewithPojo" time="5.785"/>
  <system-out/>
  <testcase classname="Airlines.CreateAirlineTests" name="createAirline">
    <skipped/>
  </testcase> <!-- createAirline -->
  <system-out/>
  <testcase classname="Airlines.CreateAirlineTests" name="createAirlinewithRandomdata">
    <skipped/>
  </testcase> <!-- createAirlinewithRandomdata -->
  <system-out/>
</testsuite> <!-- Airlines.CreateAirlineTests -->
